#
# There is insufficient memory for the Java Runtime Environment to continue.
# Native memory allocation (mmap) failed to map 130023424 bytes for G1 virtual space
# Possible reasons:
#   The system is out of physical RAM or swap space
#   The process is running with CompressedOops enabled, and the Java Heap may be blocking the growth of the native heap
# Possible solutions:
#   Reduce memory load on the system
#   Increase physical memory or swap space
#   Check if swap backing store is full
#   Decrease Java heap size (-Xmx/-Xms)
#   Decrease number of Java threads
#   Decrease Java thread stack sizes (-Xss)
#   Set larger code cache with -XX:ReservedCodeCacheSize=
#   JVM is running with Unscaled Compressed Oops mode in which the Java heap is
#     placed in the first 4GB address space. The Java Heap base address is the
#     maximum limit for the native heap growth. Please use -XX:HeapBaseMinAddress
#     to set the Java Heap base and to place the Java Heap above 4GB virtual address.
# This output file may be truncated or incomplete.
#
#  Out of Memory Error (os_windows.cpp:3600), pid=12484, tid=14096
#
# JRE version:  (21.0.1+12) (build )
# Java VM: Java HotSpot(TM) 64-Bit Server VM (21.0.1+12-LTS-29, mixed mode, sharing, tiered, compressed oops, compressed class ptrs, g1 gc, windows-amd64)
# No core dump will be written. Minidumps are not enabled by default on client versions of Windows
#

---------------  S U M M A R Y ------------

Command Line: 

Host: Intel(R) Core(TM) i3-1005G1 CPU @ 1.20GHz, 4 cores, 7G,  Windows 11 , 64 bit Build 22621 (10.0.22621.3958)
Time: Fri Sep 20 10:44:32 2024 India Standard Time elapsed time: 0.018027 seconds (0d 0h 0m 0s)

---------------  T H R E A D  ---------------

Current thread (0x000001e9af97f8a0):  JavaThread "Unknown thread" [_thread_in_vm, id=14096, stack(0x0000004933900000,0x0000004933a00000) (1024K)]

Stack: [0x0000004933900000,0x0000004933a00000]
Native frames: (J=compiled Java code, j=interpreted, Vv=VM code, C=native code)
V  [jvm.dll+0x6c9029]
V  [jvm.dll+0x854b81]
V  [jvm.dll+0x856e5e]
V  [jvm.dll+0x857543]
V  [jvm.dll+0x280c06]
V  [jvm.dll+0x6c5715]
V  [jvm.dll+0x6ba10a]
V  [jvm.dll+0x3557ea]
V  [jvm.dll+0x35d436]
V  [jvm.dll+0x3ae1be]
V  [jvm.dll+0x3ae468]
V  [jvm.dll+0x3291fc]
V  [jvm.dll+0x329d8b]
V  [jvm.dll+0x81d179]
V  [jvm.dll+0x3bb4f1]
V  [jvm.dll+0x805ae8]
V  [jvm.dll+0x44effe]
V  [jvm.dll+0x450901]
C  [jli.dll+0x52a3]
C  [ucrtbase.dll+0x29333]
C  [KERNEL32.DLL+0x1257d]
C  [ntdll.dll+0x5af28]


---------------  P R O C E S S  ---------------

Threads class SMR info:
_java_thread_list=0x00007fff28ba9b88, length=0, elements={
}

Java Threads: ( => current thread )
Total: 0

Other Threads:
  0x000001e9ad71d010 WorkerThread "GC Thread#0"                     [id=14964, stack(0x0000004933a00000,0x0000004933b00000) (1024K)]
  0x000001e9af9db060 ConcurrentGCThread "G1 Main Marker"            [id=6348, stack(0x0000004933b00000,0x0000004933c00000) (1024K)]
  0x000001e9ad71d3b0 WorkerThread "G1 Conc#0"                       [id=2084, stack(0x0000004933c00000,0x0000004933d00000) (1024K)]

[error occurred during error reporting (printing all threads), id 0xc0000005, EXCEPTION_ACCESS_VIOLATION (0xc0000005) at pc=0x00007fff2831c2c7]
VM state: not at safepoint (not fully initialized)

VM Mutex/Monitor currently owned by a thread:  ([mutex/lock_event])
[0x00007fff28c1a6f8] Heap_lock - owner thread: 0x000001e9af97f8a0

Heap address: 0x0000000084000000, size: 1984 MB, Compressed Oops mode: 32-bit

CDS archive(s) mapped at: [0x0000000000000000-0x0000000000000000-0x0000000000000000), size 0, SharedBaseAddress: 0x0000000800000000, ArchiveRelocationMode: 1.
Narrow klass base: 0x0000000000000000, Narrow klass shift: 0, Narrow klass range: 0x0

GC Precious Log:
 CardTable entry size: 512
 Card Set container configuration: InlinePtr #cards 5 size 8 Array Of Cards #cards 12 size 40 Howl #buckets 4 coarsen threshold 1843 Howl Bitmap #cards 512 size 80 coarsen threshold 460 Card regions per heap region 1 cards per card region 2048

Heap:
 garbage-first heap   total 0K, used 0K [0x0000000084000000, 0x0000000100000000)
  region size 1024K, 0 young (0K), 0 survivors (0K)

[error occurred during error reporting (printing heap information), id 0xc0000005, EXCEPTION_ACCESS_VIOLATION (0xc0000005) at pc=0x00007fff28701be9]
GC Heap History (0 events):
No events

Dll operation events (1 events):
Event: 0.012 Loaded shared library C:\Program Files\Java\jdk-21\bin\java.dll

Deoptimization events (0 events):
No events

Classes loaded (0 events):
No events

Classes unloaded (0 events):
No events

Classes redefined (0 events):
No events

Internal exceptions (0 events):
No events

ZGC Phase Switch (0 events):
No events

VM Operations (0 events):
No events

Events (0 events):
No events


Dynamic libraries:
0x00007ff6ff740000 - 0x00007ff6ff750000 	C:\Program Files\Java\jdk-21\bin\java.exe
0x00007fff960b0000 - 0x00007fff962c7000 	C:\WINDOWS\SYSTEM32\ntdll.dll
0x00007fff953e0000 - 0x00007fff954a4000 	C:\WINDOWS\System32\KERNEL32.DLL
0x00007fff93910000 - 0x00007fff93cbd000 	C:\WINDOWS\System32\KERNELBASE.dll
0x00007fff93670000 - 0x00007fff93781000 	C:\WINDOWS\System32\ucrtbase.dll
0x00007fff8fd00000 - 0x00007fff8fd19000 	C:\Program Files\Java\jdk-21\bin\jli.dll
0x00007fff8a500000 - 0x00007fff8a51b000 	C:\Program Files\Java\jdk-21\bin\VCRUNTIME140.dll
0x00007fff954b0000 - 0x00007fff95562000 	C:\WINDOWS\System32\ADVAPI32.dll
0x00007fff95c00000 - 0x00007fff95ca7000 	C:\WINDOWS\System32\msvcrt.dll
0x00007fff93f90000 - 0x00007fff94039000 	C:\WINDOWS\System32\sechost.dll
0x00007fff938b0000 - 0x00007fff938d8000 	C:\WINDOWS\System32\bcrypt.dll
0x00007fff959e0000 - 0x00007fff95af4000 	C:\WINDOWS\System32\RPCRT4.dll
0x00007fff95e70000 - 0x00007fff9601e000 	C:\WINDOWS\System32\USER32.dll
0x00007fff938e0000 - 0x00007fff93906000 	C:\WINDOWS\System32\win32u.dll
0x00007fff94cc0000 - 0x00007fff94ce9000 	C:\WINDOWS\System32\GDI32.dll
0x00007fff93cc0000 - 0x00007fff93dd9000 	C:\WINDOWS\System32\gdi32full.dll
0x00007fff93810000 - 0x00007fff938aa000 	C:\WINDOWS\System32\msvcp_win.dll
0x00007fff807b0000 - 0x00007fff80a43000 	C:\WINDOWS\WinSxS\amd64_microsoft.windows.common-controls_6595b64144ccf1df_6.0.22621.3672_none_2713b9d173822955\COMCTL32.dll
0x00007fff8b5a0000 - 0x00007fff8b5aa000 	C:\WINDOWS\SYSTEM32\VERSION.dll
0x00007fff94cf0000 - 0x00007fff94d21000 	C:\WINDOWS\System32\IMM32.DLL
0x00007fff8a910000 - 0x00007fff8a91c000 	C:\Program Files\Java\jdk-21\bin\vcruntime140_1.dll
0x00007fff66710000 - 0x00007fff6679e000 	C:\Program Files\Java\jdk-21\bin\msvcp140.dll
0x00007fff27fe0000 - 0x00007fff28cf5000 	C:\Program Files\Java\jdk-21\bin\server\jvm.dll
0x00007fff94b50000 - 0x00007fff94bc1000 	C:\WINDOWS\System32\WS2_32.dll
0x00007fff932a0000 - 0x00007fff932ed000 	C:\WINDOWS\SYSTEM32\POWRPROF.dll
0x00007fff8f300000 - 0x00007fff8f334000 	C:\WINDOWS\SYSTEM32\WINMM.dll
0x00007fff93280000 - 0x00007fff93293000 	C:\WINDOWS\SYSTEM32\UMPDC.dll
0x00007fff923e0000 - 0x00007fff923f8000 	C:\WINDOWS\SYSTEM32\kernel.appcore.dll
0x00007fff8a4f0000 - 0x00007fff8a4fa000 	C:\Program Files\Java\jdk-21\bin\jimage.dll
0x00007fff81630000 - 0x00007fff81862000 	C:\WINDOWS\SYSTEM32\DBGHELP.DLL
0x00007fff95590000 - 0x00007fff9591e000 	C:\WINDOWS\System32\combase.dll
0x00007fff94a60000 - 0x00007fff94b37000 	C:\WINDOWS\System32\OLEAUT32.dll
0x00007fff78ff0000 - 0x00007fff79022000 	C:\WINDOWS\SYSTEM32\dbgcore.DLL
0x00007fff93790000 - 0x00007fff9380b000 	C:\WINDOWS\System32\bcryptPrimitives.dll
0x00007fff8a4d0000 - 0x00007fff8a4ef000 	C:\Program Files\Java\jdk-21\bin\java.dll

dbghelp: loaded successfully - version: 4.0.5 - missing functions: none
symbol engine: initialized successfully - sym options: 0x614 - pdb path: .;C:\Program Files\Java\jdk-21\bin;C:\WINDOWS\SYSTEM32;C:\WINDOWS\WinSxS\amd64_microsoft.windows.common-controls_6595b64144ccf1df_6.0.22621.3672_none_2713b9d173822955;C:\Program Files\Java\jdk-21\bin\server

VM Arguments:
java_command: <unknown>
java_class_path (initial): <not set>
Launcher Type: SUN_STANDARD

[Global flags]
     intx CICompilerCount                          = 3                                         {product} {ergonomic}
     uint ConcGCThreads                            = 1                                         {product} {ergonomic}
     uint G1ConcRefinementThreads                  = 4                                         {product} {ergonomic}
   size_t G1HeapRegionSize                         = 1048576                                   {product} {ergonomic}
    uintx GCDrainStackTargetSize                   = 64                                        {product} {ergonomic}
   size_t InitialHeapSize                          = 130023424                                 {product} {ergonomic}
   size_t MarkStackSize                            = 4194304                                   {product} {ergonomic}
   size_t MaxHeapSize                              = 2080374784                                {product} {ergonomic}
   size_t MinHeapDeltaBytes                        = 1048576                                   {product} {ergonomic}
   size_t MinHeapSize                              = 8388608                                   {product} {ergonomic}
    uintx NonNMethodCodeHeapSize                   = 5832780                                {pd product} {ergonomic}
    uintx NonProfiledCodeHeapSize                  = 122912730                              {pd product} {ergonomic}
    uintx ProfiledCodeHeapSize                     = 122912730                              {pd product} {ergonomic}
    uintx ReservedCodeCacheSize                    = 251658240                              {pd product} {ergonomic}
     bool SegmentedCodeCache                       = true                                      {product} {ergonomic}
   size_t SoftMaxHeapSize                          = 2080374784                             {manageable} {ergonomic}
     bool UseCompressedOops                        = true                           {product lp64_product} {ergonomic}
     bool UseG1GC                                  = true                                      {product} {ergonomic}
     bool UseLargePagesIndividualAllocation        = false                                  {pd product} {ergonomic}

Logging:
Log output configuration:
 #0: stdout all=warning uptime,level,tags foldmultilines=false
 #1: stderr all=off uptime,level,tags foldmultilines=false

Environment Variables:
PATH=C:\oraclexe\app\oracle\product\11.2.0\server\bin;C:\Program Files\Common Files\Oracle\Java\javapath;C:\Program Files (x86)\VMware\VMware Player\bin\;C:\WINDOWS\system32;C:\WINDOWS;C:\WINDOWS\System32\Wbem;C:\WINDOWS\System32\WindowsPowerShell\v1.0\;C:\WINDOWS\System32\OpenSSH\;C:\MinGW\bin;C:\Program Files\nodejs\;C:\Program Files\Java\jdk-21\bin;C:\Program Files\Git\cmd;C:\Program Files\Git\mingw64\bin;C:\Program Files\Git\usr\bin;C:\Program Files\MySQL\MySQL Shell 8.0\bin\;C:\Users\sasan\AppData\Local\Microsoft\WindowsApps;;C:\Users\sasan\AppData\Local\Programs\Microsoft VS Code\bin;C:\Users\sasan\AppData\Roaming\npm
USERNAME=sasan
OS=Windows_NT
PROCESSOR_IDENTIFIER=Intel64 Family 6 Model 126 Stepping 5, GenuineIntel
TMP=C:\Users\sasan\AppData\Local\Temp
TEMP=C:\Users\sasan\AppData\Local\Temp




Periodic native trim disabled

---------------  S Y S T E M  ---------------

OS:
 Windows 11 , 64 bit Build 22621 (10.0.22621.3958)
OS uptime: 0 days 2:00 hours
Hyper-V role detected

CPU: total 4 (initial active 4) (2 cores per cpu, 2 threads per core) family 6 model 126 stepping 5 microcode 0xb0, cx8, cmov, fxsr, ht, mmx, 3dnowpref, sse, sse2, sse3, ssse3, sse4.1, sse4.2, popcnt, lzcnt, tsc, tscinvbit, avx, avx2, aes, erms, clmul, bmi1, bmi2, adx, avx512f, avx512dq, avx512cd, avx512bw, avx512vl, sha, fma, vzeroupper, avx512_vpopcntdq, avx512_vpclmulqdq, avx512_vaes, avx512_vnni, clflush, clflushopt, avx512_vbmi2, avx512_vbmi, hv, rdtscp, rdpid, fsrm, gfni, avx512_bitalg, f16c, avx512_ifma
Processor Information for processor 0
  Max Mhz: 1190, Current Mhz: 991, Mhz Limit: 1190
Processor Information for processor 1
  Max Mhz: 1190, Current Mhz: 1190, Mhz Limit: 1190
Processor Information for processor 2
  Max Mhz: 1190, Current Mhz: 1190, Mhz Limit: 1190
Processor Information for processor 3
  Max Mhz: 1190, Current Mhz: 991, Mhz Limit: 1190

Memory: 4k page, system-wide physical 7930M (1976M free)
TotalPageFile size 7930M (AvailPageFile size 48M)
current process WorkingSet (physical memory assigned to process): 11M, peak: 11M
current process commit charge ("private bytes"): 52M, peak: 176M

vm_info: Java HotSpot(TM) 64-Bit Server VM (21.0.1+12-LTS-29) for windows-amd64 JRE (21.0.1+12-LTS-29), built on 2023-10-05T13:27:09Z by "mach5one" with MS VC++ 17.1 (VS2022)

END.
